<?xml version="1.0" encoding="UTF-8"?>
<!-- Generated by org.testng.reporters.JUnitReportReporter -->
<testsuite hostname="LAPTOP-8UUR9EO6" failures="0" tests="1" name="com.hrms.TestScripts.Excel_xls" time="63.685" errors="0" timestamp="2021-06-21T11:25:57 IST" skipped="0">
  <testcase classname="com.hrms.TestScripts.Excel_xls" name="login" time="63.685"/>
  <system-out>
    <![CDATA[login completed
logout completed]]>
  </system-out>
</testsuite> <!-- com.hrms.TestScripts.Excel_xls -->
