<?xml version="1.0" encoding="UTF-8"?>
<!-- Generated by org.testng.reporters.JUnitReportReporter -->
<testsuite hostname="LAPTOP-8UUR9EO6" failures="0" tests="1" name="com.hrms.TestScripts.Drag_Drop" time="8.183" errors="0" timestamp="2021-06-21T11:30:48 IST" skipped="0">
  <testcase classname="com.hrms.TestScripts.Drag_Drop" name="drap_drop" time="8.183"/>
  <system-out/>
</testsuite> <!-- com.hrms.TestScripts.Drag_Drop -->
