<?xml version="1.0" encoding="UTF-8"?>
<!-- Generated by org.testng.reporters.JUnitReportReporter -->
<testsuite hostname="LAPTOP-8UUR9EO6" failures="0" tests="1" name="com.hrms.TestScripts.Screenshot" time="27.272" errors="0" timestamp="2021-06-19T19:45:32 IST" skipped="0">
  <testcase classname="com.hrms.TestScripts.Screenshot" name="screenshot" time="27.272"/>
  <system-out>
    <![CDATA[login completed
screenshot captured]]>
  </system-out>
</testsuite> <!-- com.hrms.TestScripts.Screenshot -->
